<?xml version="1.0" encoding="UTF-8" ?>
<testsuite failures="0" time="2.063" errors="0" skipped="0" tests="2" name="eu.jpereira.trainings.jee.persistence.test.ExampleServiceTest">
  <properties>
    <property name="java.runtime.name" value="Java(TM) SE Runtime Environment"/>
    <property name="sun.boot.library.path" value="C:\Program Files\Java\jdk1.7.0_02\jre\bin"/>
    <property name="java.vm.version" value="22.0-b10"/>
    <property name="user.country.format" value="PT"/>
    <property name="java.vm.vendor" value="Oracle Corporation"/>
    <property name="java.vendor.url" value="http://java.oracle.com/"/>
    <property name="path.separator" value=";"/>
    <property name="java.vm.name" value="Java HotSpot(TM) Client VM"/>
    <property name="file.encoding.pkg" value="sun.io"/>
    <property name="user.script" value=""/>
    <property name="env" value="itest"/>
    <property name="user.country" value="US"/>
    <property name="sun.java.launcher" value="SUN_STANDARD"/>
    <property name="sun.os.patch.level" value="Service Pack 3"/>
    <property name="java.vm.specification.name" value="Java Virtual Machine Specification"/>
    <property name="user.dir" value="C:\exercise\persistence\modelling\remote-integration-tests"/>
    <property name="java.runtime.version" value="1.7.0_02-b13"/>
    <property name="java.awt.graphicsenv" value="sun.awt.Win32GraphicsEnvironment"/>
    <property name="basedir" value="C:\exercise\persistence\modelling\remote-integration-tests"/>
    <property name="java.endorsed.dirs" value="C:\Program Files\Java\jdk1.7.0_02\jre\lib\endorsed"/>
    <property name="os.arch" value="x86"/>
    <property name="surefire.real.class.path" value="C:\DOCUME~1\jee\LOCALS~1\Temp\surefirebooter7175601268925700635.jar"/>
    <property name="java.io.tmpdir" value="C:\DOCUME~1\jee\LOCALS~1\Temp\"/>
    <property name="line.separator" value="
"/>
    <property name="java.vm.specification.vendor" value="Oracle Corporation"/>
    <property name="user.variant" value=""/>
    <property name="os.name" value="Windows XP"/>
    <property name="sun.jnu.encoding" value="Cp1252"/>
    <property name="java.library.path" value="C:\Program Files\Java\jdk1.7.0_02\jre\bin;C:\WINDOWS\Sun\Java\bin;C:\WINDOWS\system32;C:\WINDOWS;C:\WINDOWS\system32;C:\WINDOWS;C:\WINDOWS\System32\Wbem;c:\maven\bin;C:\Program Files\TortoiseSVN\bin;."/>
    <property name="surefire.test.class.path" value="C:\exercise\persistence\modelling\remote-integration-tests\target\test-classes;C:\exercise\persistence\modelling\remote-integration-tests\target\classes;c:\mvn_repo\junit\junit\4.9\junit-4.9.jar;c:\mvn_repo\org\hamcrest\hamcrest-core\1.1\hamcrest-core-1.1.jar;C:\exercise\persistence\modelling\services\target\services-1.0-SNAPSHOT.jar;C:\exercise\persistence\modelling\model\target\model-1.0-SNAPSHOT.jar;c:\mvn_repo\org\jboss\spec\javax\transaction\jboss-transaction-api_1.1_spec\1.0.0.Final\jboss-transaction-api_1.1_spec-1.0.0.Final.jar;c:\mvn_repo\org\jboss\spec\javax\ejb\jboss-ejb-api_3.1_spec\1.0.1.Final\jboss-ejb-api_3.1_spec-1.0.1.Final.jar;c:\mvn_repo\org\jboss\jboss-ejb-client\1.0.0.Beta9\jboss-ejb-client-1.0.0.Beta9.jar;c:\mvn_repo\org\jboss\marshalling\jboss-marshalling\1.3.0.GA\jboss-marshalling-1.3.0.GA.jar;c:\mvn_repo\org\jboss\logging\jboss-logging\3.1.0.Beta3\jboss-logging-3.1.0.Beta3.jar;c:\mvn_repo\org\jboss\xnio\xnio-api\3.0.0.CR5\xnio-api-3.0.0.CR5.jar;c:\mvn_repo\org\jboss\xnio\xnio-nio\3.0.0.CR5\xnio-nio-3.0.0.CR5.jar;c:\mvn_repo\org\jboss\remoting3\jboss-remoting\3.2.0.CR6\jboss-remoting-3.2.0.CR6.jar;c:\mvn_repo\org\jboss\sasl\jboss-sasl\1.0.0.Beta9\jboss-sasl-1.0.0.Beta9.jar;c:\mvn_repo\org\jboss\marshalling\jboss-marshalling-river\1.3.0.GA\jboss-marshalling-river-1.3.0.GA.jar;"/>
    <property name="java.specification.name" value="Java Platform API Specification"/>
    <property name="java.class.version" value="51.0"/>
    <property name="sun.management.compiler" value="HotSpot Client Compiler"/>
    <property name="os.version" value="5.1"/>
    <property name="user.home" value="C:\Documents and Settings\jee"/>
    <property name="user.timezone" value="Europe/London"/>
    <property name="java.awt.printerjob" value="sun.awt.windows.WPrinterJob"/>
    <property name="java.specification.version" value="1.7"/>
    <property name="file.encoding" value="Cp1252"/>
    <property name="user.name" value="jee"/>
    <property name="java.class.path" value="C:\exercise\persistence\modelling\remote-integration-tests\target\test-classes;C:\exercise\persistence\modelling\remote-integration-tests\target\classes;c:\mvn_repo\junit\junit\4.9\junit-4.9.jar;c:\mvn_repo\org\hamcrest\hamcrest-core\1.1\hamcrest-core-1.1.jar;C:\exercise\persistence\modelling\services\target\services-1.0-SNAPSHOT.jar;C:\exercise\persistence\modelling\model\target\model-1.0-SNAPSHOT.jar;c:\mvn_repo\org\jboss\spec\javax\transaction\jboss-transaction-api_1.1_spec\1.0.0.Final\jboss-transaction-api_1.1_spec-1.0.0.Final.jar;c:\mvn_repo\org\jboss\spec\javax\ejb\jboss-ejb-api_3.1_spec\1.0.1.Final\jboss-ejb-api_3.1_spec-1.0.1.Final.jar;c:\mvn_repo\org\jboss\jboss-ejb-client\1.0.0.Beta9\jboss-ejb-client-1.0.0.Beta9.jar;c:\mvn_repo\org\jboss\marshalling\jboss-marshalling\1.3.0.GA\jboss-marshalling-1.3.0.GA.jar;c:\mvn_repo\org\jboss\logging\jboss-logging\3.1.0.Beta3\jboss-logging-3.1.0.Beta3.jar;c:\mvn_repo\org\jboss\xnio\xnio-api\3.0.0.CR5\xnio-api-3.0.0.CR5.jar;c:\mvn_repo\org\jboss\xnio\xnio-nio\3.0.0.CR5\xnio-nio-3.0.0.CR5.jar;c:\mvn_repo\org\jboss\remoting3\jboss-remoting\3.2.0.CR6\jboss-remoting-3.2.0.CR6.jar;c:\mvn_repo\org\jboss\sasl\jboss-sasl\1.0.0.Beta9\jboss-sasl-1.0.0.Beta9.jar;c:\mvn_repo\org\jboss\marshalling\jboss-marshalling-river\1.3.0.GA\jboss-marshalling-river-1.3.0.GA.jar;"/>
    <property name="java.vm.specification.version" value="1.7"/>
    <property name="sun.arch.data.model" value="32"/>
    <property name="java.home" value="C:\Program Files\Java\jdk1.7.0_02\jre"/>
    <property name="sun.java.command" value="C:\DOCUME~1\jee\LOCALS~1\Temp\surefirebooter7175601268925700635.jar C:\DOCUME~1\jee\LOCALS~1\Temp\surefire6809943478075323590tmp C:\DOCUME~1\jee\LOCALS~1\Temp\surefire4564974918528437113tmp"/>
    <property name="java.specification.vendor" value="Oracle Corporation"/>
    <property name="user.language" value="en"/>
    <property name="user.language.format" value="pt"/>
    <property name="awt.toolkit" value="sun.awt.windows.WToolkit"/>
    <property name="java.vm.info" value="mixed mode"/>
    <property name="java.version" value="1.7.0_02"/>
    <property name="java.ext.dirs" value="C:\Program Files\Java\jdk1.7.0_02\jre\lib\ext;C:\WINDOWS\Sun\Java\lib\ext"/>
    <property name="sun.boot.class.path" value="C:\Program Files\Java\jdk1.7.0_02\jre\lib\resources.jar;C:\Program Files\Java\jdk1.7.0_02\jre\lib\rt.jar;C:\Program Files\Java\jdk1.7.0_02\jre\lib\sunrsasign.jar;C:\Program Files\Java\jdk1.7.0_02\jre\lib\jsse.jar;C:\Program Files\Java\jdk1.7.0_02\jre\lib\jce.jar;C:\Program Files\Java\jdk1.7.0_02\jre\lib\charsets.jar;C:\Program Files\Java\jdk1.7.0_02\jre\classes"/>
    <property name="java.vendor" value="Oracle Corporation"/>
    <property name="localRepository" value="c:\mvn_repo"/>
    <property name="file.separator" value="\"/>
    <property name="java.vendor.url.bug" value="http://bugreport.sun.com/bugreport/"/>
    <property name="sun.cpu.endian" value="little"/>
    <property name="sun.io.unicode.encoding" value="UnicodeLittle"/>
    <property name="sun.desktop" value="windows"/>
    <property name="sun.cpu.isalist" value="pentium_pro+mmx pentium_pro pentium+mmx pentium i486 i386 i86"/>
  </properties>
  <testcase time="1.392" classname="eu.jpereira.trainings.jee.persistence.test.ExampleServiceTest" name="getAllDomainObjects"/>
  <testcase time="0.441" classname="eu.jpereira.trainings.jee.persistence.test.ExampleServiceTest" name="createDomainObject"/>
</testsuite>